[0.167s] DEBUG:colcon:Command line arguments: ['/usr/bin/colcon', 'build', '--parallel-workers', '2']
[0.167s] DEBUG:colcon:Parsed command line arguments: Namespace(log_base=None, log_level=None, verb_name='build', build_base='build', install_base='install', merge_install=False, symlink_install=False, test_result_base=None, continue_on_error=False, executor='parallel', parallel_workers=2, event_handlers=None, ignore_user_meta=False, metas=['./colcon.meta'], base_paths=['.'], packages_ignore=None, packages_ignore_regex=None, paths=None, packages_up_to=None, packages_up_to_regex=None, packages_above=None, packages_above_and_dependencies=None, packages_above_depth=None, packages_select_by_dep=None, packages_skip_by_dep=None, packages_skip_up_to=None, packages_select_build_failed=False, packages_skip_build_finished=False, packages_select_test_failures=False, packages_skip_test_passed=False, packages_select=None, packages_skip=None, packages_select_regex=None, packages_skip_regex=None, packages_start=None, packages_end=None, allow_overriding=[], cmake_args=None, cmake_target=None, cmake_target_skip_unavailable=False, cmake_clean_cache=False, cmake_clean_first=False, cmake_force_configure=False, ament_cmake_args=None, catkin_cmake_args=None, catkin_skip_building_tests=False, verb_parser=<colcon_defaults.argument_parser.defaults.DefaultArgumentsDecorator object at 0x7543594509a0>, verb_extension=<colcon_core.verb.build.BuildVerb object at 0x754359450490>, main=<bound method BuildVerb.main of <colcon_core.verb.build.BuildVerb object at 0x754359450490>>)
[0.331s] Level 1:colcon.colcon_core.package_discovery:discover_packages(colcon_meta) check parameters
[0.331s] Level 1:colcon.colcon_core.package_discovery:discover_packages(recursive) check parameters
[0.331s] Level 1:colcon.colcon_core.package_discovery:discover_packages(ignore) check parameters
[0.331s] Level 1:colcon.colcon_core.package_discovery:discover_packages(path) check parameters
[0.331s] Level 1:colcon.colcon_core.package_discovery:discover_packages(colcon_meta) discover
[0.331s] Level 1:colcon.colcon_core.package_discovery:discover_packages(recursive) discover
[0.331s] INFO:colcon.colcon_core.package_discovery:Crawling recursively for packages in '/home/xiaoli/Desktop/sp_vision_25-main'
[0.331s] Level 1:colcon.colcon_core.package_identification:_identify(.) by extensions ['ignore', 'ignore_ament_install']
[0.332s] Level 1:colcon.colcon_core.package_identification:_identify(.) by extension 'ignore'
[0.332s] Level 1:colcon.colcon_core.package_identification:_identify(.) by extension 'ignore_ament_install'
[0.332s] Level 1:colcon.colcon_core.package_identification:_identify(.) by extensions ['colcon_pkg']
[0.332s] Level 1:colcon.colcon_core.package_identification:_identify(.) by extension 'colcon_pkg'
[0.332s] Level 1:colcon.colcon_core.package_identification:_identify(.) by extensions ['colcon_meta']
[0.332s] Level 1:colcon.colcon_core.package_identification:_identify(.) by extension 'colcon_meta'
[0.332s] Level 1:colcon.colcon_core.package_identification:_identify(.) by extensions ['ros']
[0.332s] Level 1:colcon.colcon_core.package_identification:_identify(.) by extension 'ros'
[0.359s] Level 1:colcon.colcon_core.package_identification:_identify(.) by extensions ['cmake', 'python']
[0.359s] Level 1:colcon.colcon_core.package_identification:_identify(.) by extension 'cmake'
[0.387s] Level 1:colcon.colcon_core.package_identification:_identify(.) by extension 'python'
[0.387s] DEBUG:colcon.colcon_core.package_identification:Package '.' with type 'cmake' and name 'sp_vision'
[0.387s] Level 1:colcon.colcon_core.package_discovery:discover_packages(recursive) using defaults
[0.387s] Level 1:colcon.colcon_core.package_discovery:discover_packages(ignore) discover
[0.387s] Level 1:colcon.colcon_core.package_discovery:discover_packages(ignore) using defaults
[0.387s] Level 1:colcon.colcon_core.package_discovery:discover_packages(path) discover
[0.387s] Level 1:colcon.colcon_core.package_discovery:discover_packages(path) using defaults
[0.409s] Level 1:colcon.colcon_core.package_discovery:discover_packages(prefix_path) check parameters
[0.409s] Level 1:colcon.colcon_core.package_discovery:discover_packages(prefix_path) discover
[0.411s] DEBUG:colcon.colcon_installed_package_information.package_discovery:Found 1 installed packages in /home/xiaoli/ros2_ws/install
[0.412s] DEBUG:colcon.colcon_installed_package_information.package_discovery:Found 273 installed packages in /opt/ros/humble
[0.413s] Level 1:colcon.colcon_core.package_discovery:discover_packages(prefix_path) using defaults
[0.435s] Level 5:colcon.colcon_core.verb:set package 'sp_vision' build argument 'cmake_args' from command line to 'None'
[0.435s] Level 5:colcon.colcon_core.verb:set package 'sp_vision' build argument 'cmake_target' from command line to 'None'
[0.435s] Level 5:colcon.colcon_core.verb:set package 'sp_vision' build argument 'cmake_target_skip_unavailable' from command line to 'False'
[0.435s] Level 5:colcon.colcon_core.verb:set package 'sp_vision' build argument 'cmake_clean_cache' from command line to 'False'
[0.435s] Level 5:colcon.colcon_core.verb:set package 'sp_vision' build argument 'cmake_clean_first' from command line to 'False'
[0.435s] Level 5:colcon.colcon_core.verb:set package 'sp_vision' build argument 'cmake_force_configure' from command line to 'False'
[0.435s] Level 5:colcon.colcon_core.verb:set package 'sp_vision' build argument 'ament_cmake_args' from command line to 'None'
[0.435s] Level 5:colcon.colcon_core.verb:set package 'sp_vision' build argument 'catkin_cmake_args' from command line to 'None'
[0.435s] Level 5:colcon.colcon_core.verb:set package 'sp_vision' build argument 'catkin_skip_building_tests' from command line to 'False'
[0.435s] DEBUG:colcon.colcon_core.verb:Building package 'sp_vision' with the following arguments: {'ament_cmake_args': None, 'build_base': '/home/xiaoli/Desktop/sp_vision_25-main/build/sp_vision', 'catkin_cmake_args': None, 'catkin_skip_building_tests': False, 'cmake_args': None, 'cmake_clean_cache': False, 'cmake_clean_first': False, 'cmake_force_configure': False, 'cmake_target': None, 'cmake_target_skip_unavailable': False, 'install_base': '/home/xiaoli/Desktop/sp_vision_25-main/install/sp_vision', 'merge_install': False, 'path': '/home/xiaoli/Desktop/sp_vision_25-main', 'symlink_install': False, 'test_result_base': None}
[0.435s] INFO:colcon.colcon_core.executor:Executing jobs using 'parallel' executor
[0.436s] DEBUG:colcon.colcon_parallel_executor.executor.parallel:run_until_complete
[0.436s] INFO:colcon.colcon_cmake.task.cmake.build:Building CMake package in '/home/xiaoli/Desktop/sp_vision_25-main'
[0.441s] INFO:colcon.colcon_core.plugin_system:Skipping extension 'colcon_core.shell.bat': Not used on non-Windows systems
[0.441s] INFO:colcon.colcon_core.shell:Skip shell extension 'powershell' for command environment: Not usable outside of PowerShell
[0.442s] DEBUG:colcon.colcon_core.shell:Skip shell extension 'dsv' for command environment
[0.451s] DEBUG:colcon.colcon_core.event_handler.log_command:Invoking command in '/home/xiaoli/Desktop/sp_vision_25-main/build/sp_vision': /usr/bin/cmake --build /home/xiaoli/Desktop/sp_vision_25-main/build/sp_vision
[102.156s] DEBUG:colcon.colcon_core.event_handler.log_command:Invoked command in '/home/xiaoli/Desktop/sp_vision_25-main/build/sp_vision' returned '0': /usr/bin/cmake --build /home/xiaoli/Desktop/sp_vision_25-main/build/sp_vision
[102.157s] WARNING:colcon.colcon_cmake.task.cmake.build:Could not run installation step for package 'sp_vision' because it has no 'install' target
[102.157s] Level 1:colcon.colcon_core.environment:create_environment_scripts_only(sp_vision)
[102.162s] Level 1:colcon.colcon_core.environment:checking '/home/xiaoli/Desktop/sp_vision_25-main/install/sp_vision' for CMake module files
[102.162s] Level 1:colcon.colcon_core.environment:checking '/home/xiaoli/Desktop/sp_vision_25-main/install/sp_vision' for CMake config files
[102.163s] Level 1:colcon.colcon_core.environment:checking '/home/xiaoli/Desktop/sp_vision_25-main/install/sp_vision/bin'
[102.163s] Level 1:colcon.colcon_core.environment:checking '/home/xiaoli/Desktop/sp_vision_25-main/install/sp_vision/lib/pkgconfig/sp_vision.pc'
[102.163s] Level 1:colcon.colcon_core.environment:checking '/home/xiaoli/Desktop/sp_vision_25-main/install/sp_vision/lib/python3.10/site-packages'
[102.163s] Level 1:colcon.colcon_core.environment:checking '/home/xiaoli/Desktop/sp_vision_25-main/install/sp_vision/bin'
[102.164s] INFO:colcon.colcon_core.shell:Creating package script '/home/xiaoli/Desktop/sp_vision_25-main/install/sp_vision/share/sp_vision/package.ps1'
[102.165s] INFO:colcon.colcon_core.shell:Creating package descriptor '/home/xiaoli/Desktop/sp_vision_25-main/install/sp_vision/share/sp_vision/package.dsv'
[102.165s] INFO:colcon.colcon_core.shell:Creating package script '/home/xiaoli/Desktop/sp_vision_25-main/install/sp_vision/share/sp_vision/package.sh'
[102.166s] INFO:colcon.colcon_core.shell:Creating package script '/home/xiaoli/Desktop/sp_vision_25-main/install/sp_vision/share/sp_vision/package.bash'
[102.167s] INFO:colcon.colcon_core.shell:Creating package script '/home/xiaoli/Desktop/sp_vision_25-main/install/sp_vision/share/sp_vision/package.zsh'
[102.168s] Level 1:colcon.colcon_core.environment:create_file_with_runtime_dependencies(/home/xiaoli/Desktop/sp_vision_25-main/install/sp_vision/share/colcon-core/packages/sp_vision)
[102.168s] DEBUG:colcon.colcon_parallel_executor.executor.parallel:closing loop
[102.168s] DEBUG:colcon.colcon_parallel_executor.executor.parallel:loop closed
[102.169s] DEBUG:colcon.colcon_parallel_executor.executor.parallel:run_until_complete finished with '0'
[102.169s] DEBUG:colcon.colcon_core.event_reactor:joining thread
[102.174s] INFO:colcon.colcon_core.plugin_system:Skipping extension 'colcon_notification.desktop_notification.terminal_notifier': Not used on non-Darwin systems
[102.174s] INFO:colcon.colcon_core.plugin_system:Skipping extension 'colcon_notification.desktop_notification.win32': Not used on non-Windows systems
[102.174s] INFO:colcon.colcon_notification.desktop_notification:Sending desktop notification using 'notify2'
[102.183s] DEBUG:colcon.colcon_core.event_reactor:joined thread
[102.183s] INFO:colcon.colcon_core.shell:Creating prefix script '/home/xiaoli/Desktop/sp_vision_25-main/install/local_setup.ps1'
[102.184s] INFO:colcon.colcon_core.shell:Creating prefix util module '/home/xiaoli/Desktop/sp_vision_25-main/install/_local_setup_util_ps1.py'
[102.185s] INFO:colcon.colcon_core.shell:Creating prefix chain script '/home/xiaoli/Desktop/sp_vision_25-main/install/setup.ps1'
[102.186s] INFO:colcon.colcon_core.shell:Creating prefix script '/home/xiaoli/Desktop/sp_vision_25-main/install/local_setup.sh'
[102.186s] INFO:colcon.colcon_core.shell:Creating prefix util module '/home/xiaoli/Desktop/sp_vision_25-main/install/_local_setup_util_sh.py'
[102.187s] INFO:colcon.colcon_core.shell:Creating prefix chain script '/home/xiaoli/Desktop/sp_vision_25-main/install/setup.sh'
[102.187s] INFO:colcon.colcon_core.shell:Creating prefix script '/home/xiaoli/Desktop/sp_vision_25-main/install/local_setup.bash'
[102.188s] INFO:colcon.colcon_core.shell:Creating prefix chain script '/home/xiaoli/Desktop/sp_vision_25-main/install/setup.bash'
[102.188s] INFO:colcon.colcon_core.shell:Creating prefix script '/home/xiaoli/Desktop/sp_vision_25-main/install/local_setup.zsh'
[102.189s] INFO:colcon.colcon_core.shell:Creating prefix chain script '/home/xiaoli/Desktop/sp_vision_25-main/install/setup.zsh'
